{"name": "test_valid_credentials[edge]", "status": "broken", "statusDetails": {"message": "selenium.common.exceptions.NoSuchElementException: Message: no such element: Unable to locate element: {\"method\":\"xpath\",\"selector\":\"//div[@id='content']//input[@value='Login']\"}\n  (Session info: MicrosoftEdge=122.0.2365.80); For documentation on this error, please visit: https://www.selenium.dev/documentation/webdriver/troubleshooting/errors#no-such-element-exception\nStacktrace:\n\tGetHandleVerifier [0x00007FF69862B7F2+63538]\n\tMicrosoft::Applications::Events::ILogConfiguration::operator* [0x00007FF6985AF672+238306]\n\t(No symbol) [0x00007FF6983E3407]\n\t(No symbol) [0x00007FF6984297ED]\n\t(No symbol) [0x00007FF6984298B0]\n\t(No symbol) [0x00007FF698464387]\n\t(No symbol) [0x00007FF698448E5F]\n\t(No symbol) [0x00007FF69841F037]\n\t(No symbol) [0x00007FF698461F49]\n\t(No symbol) [0x00007FF698448A83]\n\t(No symbol) [0x00007FF69841E55E]\n\t(No symbol) [0x00007FF69841D71C]\n\t(No symbol) [0x00007FF69841E111]\n\tMicrosoft::Applications::Events::EventProperty::to_string [0x00007FF698801CDC+1102764]\n\t(No symbol) [0x00007FF6984925F6]\n\t(No symbol) [0x00007FF698523DAC]\n\t(No symbol) [0x00007FF69851BDA8]\n\tMicrosoft::Applications::Events::EventProperty::to_string [0x00007FF698800C25+1098485]\n\tMicrosoft::Applications::Events::ILogConfiguration::operator* [0x00007FF6985B9E31+281249]\n\tMicrosoft::Applications::Events::ILogConfiguration::operator* [0x00007FF6985B45B4+258596]\n\tMicrosoft::Applications::Events::ILogConfiguration::operator* [0x00007FF6985B46EF+258911]\n\tMicrosoft::Applications::Events::ILogConfiguration::operator* [0x00007FF6985A8EC1+211761]\n\tBaseThreadInitThunk [0x00007FF8EEAE257D+29]\n\tRtlUserThreadStart [0x00007FF8F010AA58+40]", "trace": "self = <tests.test_login.TestLogin object at 0x0000025FCF077500>\n\n    def test_valid_credentials(self):\n        login_page = LoginPage(self.driver)\n        login_page.set_email_address(TestData.email)\n        login_page.set_password(TestData.password)\n>       login_page.click_login_button()\n\ntests\\test_login.py:11: \n_ _ _ _ _ _ _ _ _ _ _ _ _ _ _ _ _ _ _ _ _ _ _ _ _ _ _ _ _ _ _ _ _ _ _ _ _ _ _ _ _ _ _ _ _ _ _ _ _ _ _ _ _ _ _ _ _ _ _ _ _ _ _ _ _ _ _ _ _ \npages\\login_page.py:23: in click_login_button\n    self.click(self.login_button)\npages\\base_page.py:15: in click\n    self.driver.find_element(*locator).click()\n..\\..\\..\\..\\AppData\\Local\\Programs\\Python\\Python312\\Lib\\site-packages\\selenium\\webdriver\\remote\\webdriver.py:741: in find_element\n    return self.execute(Command.FIND_ELEMENT, {\"using\": by, \"value\": value})[\"value\"]\n..\\..\\..\\..\\AppData\\Local\\Programs\\Python\\Python312\\Lib\\site-packages\\selenium\\webdriver\\remote\\webdriver.py:347: in execute\n    self.error_handler.check_response(response)\n_ _ _ _ _ _ _ _ _ _ _ _ _ _ _ _ _ _ _ _ _ _ _ _ _ _ _ _ _ _ _ _ _ _ _ _ _ _ _ _ _ _ _ _ _ _ _ _ _ _ _ _ _ _ _ _ _ _ _ _ _ _ _ _ _ _ _ _ _ \n\nself = <selenium.webdriver.remote.errorhandler.ErrorHandler object at 0x0000025FCF87A570>\nresponse = {'status': 404, 'value': '{\"value\":{\"error\":\"no such element\",\"message\":\"no such element: Unable to locate element: {\\...5A8EC1+211761]\\\\n\\\\tBaseThreadInitThunk [0x00007FF8EEAE257D+29]\\\\n\\\\tRtlUserThreadStart [0x00007FF8F010AA58+40]\\\\n\"}}'}\n\n    def check_response(self, response: Dict[str, Any]) -> None:\n        \"\"\"Checks that a JSON response from the WebDriver does not have an\n        error.\n    \n        :Args:\n         - response - The JSON response from the WebDriver server as a dictionary\n           object.\n    \n        :Raises: If the response contains an error message.\n        \"\"\"\n        status = response.get(\"status\", None)\n        if not status or status == ErrorCode.SUCCESS:\n            return\n        value = None\n        message = response.get(\"message\", \"\")\n        screen: str = response.get(\"screen\", \"\")\n        stacktrace = None\n        if isinstance(status, int):\n            value_json = response.get(\"value\", None)\n            if value_json and isinstance(value_json, str):\n                import json\n    \n                try:\n                    value = json.loads(value_json)\n                    if len(value) == 1:\n                        value = value[\"value\"]\n                    status = value.get(\"error\", None)\n                    if not status:\n                        status = value.get(\"status\", ErrorCode.UNKNOWN_ERROR)\n                        message = value.get(\"value\") or value.get(\"message\")\n                        if not isinstance(message, str):\n                            value = message\n                            message = message.get(\"message\")\n                    else:\n                        message = value.get(\"message\", None)\n                except ValueError:\n                    pass\n    \n        exception_class: Type[WebDriverException]\n        e = ErrorCode()\n        error_codes = [item for item in dir(e) if not item.startswith(\"__\")]\n        for error_code in error_codes:\n            error_info = getattr(ErrorCode, error_code)\n            if isinstance(error_info, list) and status in error_info:\n                exception_class = getattr(ExceptionMapping, error_code, WebDriverException)\n                break\n        else:\n            exception_class = WebDriverException\n    \n        if not value:\n            value = response[\"value\"]\n        if isinstance(value, str):\n            raise exception_class(value)\n        if message == \"\" and \"message\" in value:\n            message = value[\"message\"]\n    \n        screen = None  # type: ignore[assignment]\n        if \"screen\" in value:\n            screen = value[\"screen\"]\n    \n        stacktrace = None\n        st_value = value.get(\"stackTrace\") or value.get(\"stacktrace\")\n        if st_value:\n            if isinstance(st_value, str):\n                stacktrace = st_value.split(\"\\n\")\n            else:\n                stacktrace = []\n                try:\n                    for frame in st_value:\n                        line = frame.get(\"lineNumber\", \"\")\n                        file = frame.get(\"fileName\", \"<anonymous>\")\n                        if line:\n                            file = f\"{file}:{line}\"\n                        meth = frame.get(\"methodName\", \"<anonymous>\")\n                        if \"className\" in frame:\n                            meth = f\"{frame['className']}.{meth}\"\n                        msg = \"    at %s (%s)\"\n                        msg = msg % (meth, file)\n                        stacktrace.append(msg)\n                except TypeError:\n                    pass\n        if exception_class == UnexpectedAlertPresentException:\n            alert_text = None\n            if \"data\" in value:\n                alert_text = value[\"data\"].get(\"text\")\n            elif \"alert\" in value:\n                alert_text = value[\"alert\"].get(\"text\")\n            raise exception_class(message, screen, stacktrace, alert_text)  # type: ignore[call-arg]  # mypy is not smart enough here\n>       raise exception_class(message, screen, stacktrace)\nE       selenium.common.exceptions.NoSuchElementException: Message: no such element: Unable to locate element: {\"method\":\"xpath\",\"selector\":\"//div[@id='content']//input[@value='Login']\"}\nE         (Session info: MicrosoftEdge=122.0.2365.80); For documentation on this error, please visit: https://www.selenium.dev/documentation/webdriver/troubleshooting/errors#no-such-element-exception\nE       Stacktrace:\nE       \tGetHandleVerifier [0x00007FF69862B7F2+63538]\nE       \tMicrosoft::Applications::Events::ILogConfiguration::operator* [0x00007FF6985AF672+238306]\nE       \t(No symbol) [0x00007FF6983E3407]\nE       \t(No symbol) [0x00007FF6984297ED]\nE       \t(No symbol) [0x00007FF6984298B0]\nE       \t(No symbol) [0x00007FF698464387]\nE       \t(No symbol) [0x00007FF698448E5F]\nE       \t(No symbol) [0x00007FF69841F037]\nE       \t(No symbol) [0x00007FF698461F49]\nE       \t(No symbol) [0x00007FF698448A83]\nE       \t(No symbol) [0x00007FF69841E55E]\nE       \t(No symbol) [0x00007FF69841D71C]\nE       \t(No symbol) [0x00007FF69841E111]\nE       \tMicrosoft::Applications::Events::EventProperty::to_string [0x00007FF698801CDC+1102764]\nE       \t(No symbol) [0x00007FF6984925F6]\nE       \t(No symbol) [0x00007FF698523DAC]\nE       \t(No symbol) [0x00007FF69851BDA8]\nE       \tMicrosoft::Applications::Events::EventProperty::to_string [0x00007FF698800C25+1098485]\nE       \tMicrosoft::Applications::Events::ILogConfiguration::operator* [0x00007FF6985B9E31+281249]\nE       \tMicrosoft::Applications::Events::ILogConfiguration::operator* [0x00007FF6985B45B4+258596]\nE       \tMicrosoft::Applications::Events::ILogConfiguration::operator* [0x00007FF6985B46EF+258911]\nE       \tMicrosoft::Applications::Events::ILogConfiguration::operator* [0x00007FF6985A8EC1+211761]\nE       \tBaseThreadInitThunk [0x00007FF8EEAE257D+29]\nE       \tRtlUserThreadStart [0x00007FF8F010AA58+40]\n\n..\\..\\..\\..\\AppData\\Local\\Programs\\Python\\Python312\\Lib\\site-packages\\selenium\\webdriver\\remote\\errorhandler.py:229: NoSuchElementException"}, "attachments": [{"name": "stdout", "source": "11d5f2bc-211d-4305-b49d-f02ff84b9298-attachment.txt", "type": "text/plain"}], "parameters": [{"name": "initialize_driver", "value": "'edge'"}], "start": 1710443007100, "stop": 1710443009591, "uuid": "b97c8c4d-57bc-480d-b2e3-736f24c450e8", "historyId": "c918fe9125bb5ace46fbb1ece78dad04", "testCaseId": "1266d185f6e56392e298c0da20a913e1", "fullName": "tests.test_login.TestLogin#test_valid_credentials", "labels": [{"name": "tag", "value": "@pytest.mark.usefixtures('initialize_driver')"}, {"name": "parentSuite", "value": "tests"}, {"name": "suite", "value": "test_login"}, {"name": "subSuite", "value": "TestLogin"}, {"name": "host", "value": "LAPTOP-U9R56RQR"}, {"name": "thread", "value": "25356-MainThread"}, {"name": "framework", "value": "pytest"}, {"name": "language", "value": "cpython3"}, {"name": "package", "value": "tests.test_login"}]}